# JRE version: Java(TM) SE Runtime Environment (21.0.2+13) (build 21.0.2+13-LTS-58)
# Java VM: Java HotSpot(TM) 64-Bit Server VM (21.0.2+13-LTS-58, mixed mode, sharing, tiered, compressed oops, compressed class ptrs, g1 gc, windows-amd64)
GC Precious Log:
 CardTable entry size: 512
 Card Set container configuration: InlinePtr #cards 5 size 8 Array Of Cards #cards 12 size 40 Howl #buckets 4 coarsen threshold 1843 Howl Bitmap #cards 512 size 80 coarsen threshold 460 Card regions per heap region 1 cards per card region 2048
 CPUs: 4 total, 4 available
 Memory: 8067M
 Large Page Support: Disabled
 NUMA Support: Disabled
 Compressed Oops: Enabled (32-bit)
 Heap Region Size: 1M
 Heap Min Capacity: 8M
 Heap Initial Capacity: 128M
 Heap Max Capacity: 2018M
 Pre-touch: Disabled
 Parallel Workers: 4
 Concurrent Workers: 1
 Concurrent Refinement Workers: 4
 Periodic GC: Disabled
Heap:
 garbage-first heap   total 58368K, used 22236K [0x0000000081e00000, 0x0000000100000000)
  region size 1024K, 7 young (7168K), 3 survivors (3072K)
 Metaspace       used 29297K, committed 29760K, reserved 1114112K
  class space    used 3832K, committed 4032K, reserved 1048576K
GC Heap History (12 events):
Event: 1.245 GC heap before
{Heap before GC invocations=0 (full 0):
 garbage-first heap   total 131072K, used 14336K [0x0000000081e00000, 0x0000000100000000)
  region size 1024K, 13 young (13312K), 0 survivors (0K)
 Metaspace       used 2959K, committed 3136K, reserved 1114112K
  class space    used 305K, committed 384K, reserved 1048576K
}
Event: 1.251 GC heap after
{Heap after GC invocations=1 (full 0):
 garbage-first heap   total 131072K, used 7253K [0x0000000081e00000, 0x0000000100000000)
  region size 1024K, 2 young (2048K), 2 survivors (2048K)
 Metaspace       used 2959K, committed 3136K, reserved 1114112K
  class space    used 305K, committed 384K, reserved 1048576K
}
Event: 1.871 GC heap before
{Heap before GC invocations=1 (full 0):
 garbage-first heap   total 131072K, used 19541K [0x0000000081e00000, 0x0000000100000000)
  region size 1024K, 14 young (14336K), 2 survivors (2048K)
 Metaspace       used 6823K, committed 7104K, reserved 1114112K
  class space    used 822K, committed 960K, reserved 1048576K
}
Event: 1.877 GC heap after
{Heap after GC invocations=2 (full 0):
 garbage-first heap   total 131072K, used 8632K [0x0000000081e00000, 0x0000000100000000)
  region size 1024K, 2 young (2048K), 2 survivors (2048K)
 Metaspace       used 6823K, committed 7104K, reserved 1114112K
  class space    used 822K, committed 960K, reserved 1048576K
}
Event: 2.888 GC heap before
{Heap before GC invocations=2 (full 0):
 garbage-first heap   total 131072K, used 35256K [0x0000000081e00000, 0x0000000100000000)
  region size 1024K, 29 young (29696K), 2 survivors (2048K)
 Metaspace       used 14078K, committed 14400K, reserved 1114112K
  class space    used 1917K, committed 2048K, reserved 1048576K
}
Event: 2.894 GC heap after
{Heap after GC invocations=3 (full 0):
 garbage-first heap   total 131072K, used 10777K [0x0000000081e00000, 0x0000000100000000)
  region size 1024K, 4 young (4096K), 4 survivors (4096K)
 Metaspace       used 14078K, committed 14400K, reserved 1114112K
  class space    used 1917K, committed 2048K, reserved 1048576K
}
Event: 3.671 GC heap before
{Heap before GC invocations=3 (full 0):
 garbage-first heap   total 131072K, used 42521K [0x0000000081e00000, 0x0000000100000000)
  region size 1024K, 37 young (37888K), 4 survivors (4096K)
 Metaspace       used 21160K, committed 21504K, reserved 1114112K
  class space    used 2698K, committed 2880K, reserved 1048576K
}
Event: 3.681 GC heap after
{Heap after GC invocations=4 (full 0):
 garbage-first heap   total 131072K, used 14161K [0x0000000081e00000, 0x0000000100000000)
  region size 1024K, 7 young (7168K), 7 survivors (7168K)
 Metaspace       used 21160K, committed 21504K, reserved 1114112K
  class space    used 2698K, committed 2880K, reserved 1048576K
}
Event: 4.813 GC heap before
{Heap before GC invocations=5 (full 0):
 garbage-first heap   total 58368K, used 40785K [0x0000000081e00000, 0x0000000100000000)
  region size 1024K, 34 young (34816K), 7 survivors (7168K)
 Metaspace       used 24778K, committed 25216K, reserved 1114112K
  class space    used 3172K, committed 3392K, reserved 1048576K
}
Event: 4.829 GC heap after
{Heap after GC invocations=6 (full 0):
 garbage-first heap   total 58368K, used 16930K [0x0000000081e00000, 0x0000000100000000)
  region size 1024K, 4 young (4096K), 4 survivors (4096K)
 Metaspace       used 24778K, committed 25216K, reserved 1114112K
  class space    used 3172K, committed 3392K, reserved 1048576K
}
Event: 6.112 GC heap before
{Heap before GC invocations=6 (full 0):
 garbage-first heap   total 58368K, used 44578K [0x0000000081e00000, 0x0000000100000000)
  region size 1024K, 31 young (31744K), 4 survivors (4096K)
 Metaspace       used 28465K, committed 28928K, reserved 1114112K
  class space    used 3735K, committed 3968K, reserved 1048576K
}
Event: 6.130 GC heap after
{Heap after GC invocations=7 (full 0):
 garbage-first heap   total 58368K, used 19164K [0x0000000081e00000, 0x0000000100000000)
  region size 1024K, 3 young (3072K), 3 survivors (3072K)
 Metaspace       used 28465K, committed 28928K, reserved 1114112K
  class space    used 3735K, committed 3968K, reserved 1048576K
}

