# JRE version: Java(TM) SE Runtime Environment (21.0.2+13) (build 21.0.2+13-LTS-58)
# Java VM: Java HotSpot(TM) 64-Bit Server VM (21.0.2+13-LTS-58, mixed mode, emulated-client, sharing, tiered, compressed oops, compressed class ptrs, g1 gc, windows-amd64)
GC Precious Log:
 CardTable entry size: 512
 Card Set container configuration: InlinePtr #cards 5 size 8 Array Of Cards #cards 12 size 40 Howl #buckets 4 coarsen threshold 1843 Howl Bitmap #cards 512 size 80 coarsen threshold 460 Card regions per heap region 1 cards per card region 2048
 CPUs: 4 total, 4 available
 Memory: 8067M
 Large Page Support: Disabled
 NUMA Support: Disabled
 Compressed Oops: Enabled (32-bit)
 Heap Region Size: 1M
 Heap Min Capacity: 8M
 Heap Initial Capacity: 128M
 Heap Max Capacity: 2018M
 Pre-touch: Disabled
 Parallel Workers: 4
 Concurrent Workers: 1
 Concurrent Refinement Workers: 4
 Periodic GC: Disabled
Heap:
 garbage-first heap   total 55296K, used 40166K [0x0000000081e00000, 0x0000000100000000)
  region size 1024K, 11 young (11264K), 2 survivors (2048K)
 Metaspace       used 63099K, committed 63936K, reserved 1114112K
  class space    used 9224K, committed 9600K, reserved 1048576K
GC Heap History (20 events):
Event: 4.080 GC heap before
{Heap before GC invocations=5 (full 0):
 garbage-first heap   total 55296K, used 39199K [0x0000000081e00000, 0x0000000100000000)
  region size 1024K, 32 young (32768K), 9 survivors (9216K)
 Metaspace       used 23999K, committed 24384K, reserved 1114112K
  class space    used 3420K, committed 3584K, reserved 1048576K
}
Event: 4.100 GC heap after
{Heap after GC invocations=6 (full 0):
 garbage-first heap   total 55296K, used 17330K [0x0000000081e00000, 0x0000000100000000)
  region size 1024K, 2 young (2048K), 2 survivors (2048K)
 Metaspace       used 23999K, committed 24384K, reserved 1114112K
  class space    used 3420K, committed 3584K, reserved 1048576K
}
Event: 5.056 GC heap before
{Heap before GC invocations=6 (full 0):
 garbage-first heap   total 55296K, used 44978K [0x0000000081e00000, 0x0000000100000000)
  region size 1024K, 29 young (29696K), 2 survivors (2048K)
 Metaspace       used 28889K, committed 29376K, reserved 1114112K
  class space    used 4127K, committed 4352K, reserved 1048576K
}
Event: 5.073 GC heap after
{Heap after GC invocations=7 (full 0):
 garbage-first heap   total 55296K, used 20037K [0x0000000081e00000, 0x0000000100000000)
  region size 1024K, 4 young (4096K), 4 survivors (4096K)
 Metaspace       used 28889K, committed 29376K, reserved 1114112K
  class space    used 4127K, committed 4352K, reserved 1048576K
}
Event: 6.154 GC heap before
{Heap before GC invocations=7 (full 0):
 garbage-first heap   total 55296K, used 44613K [0x0000000081e00000, 0x0000000100000000)
  region size 1024K, 29 young (29696K), 4 survivors (4096K)
 Metaspace       used 33445K, committed 33984K, reserved 1114112K
  class space    used 4798K, committed 5056K, reserved 1048576K
}
Event: 6.163 GC heap after
{Heap after GC invocations=8 (full 0):
 garbage-first heap   total 55296K, used 22190K [0x0000000081e00000, 0x0000000100000000)
  region size 1024K, 2 young (2048K), 2 survivors (2048K)
 Metaspace       used 33445K, committed 33984K, reserved 1114112K
  class space    used 4798K, committed 5056K, reserved 1048576K
}
Event: 6.548 GC heap before
{Heap before GC invocations=8 (full 0):
 garbage-first heap   total 55296K, used 28334K [0x0000000081e00000, 0x0000000100000000)
  region size 1024K, 10 young (10240K), 2 survivors (2048K)
 Metaspace       used 35438K, committed 35968K, reserved 1114112K
  class space    used 5109K, committed 5376K, reserved 1048576K
}
Event: 6.553 GC heap after
{Heap after GC invocations=9 (full 0):
 garbage-first heap   total 55296K, used 22642K [0x0000000081e00000, 0x0000000100000000)
  region size 1024K, 3 young (3072K), 3 survivors (3072K)
 Metaspace       used 35438K, committed 35968K, reserved 1114112K
  class space    used 5109K, committed 5376K, reserved 1048576K
}
Event: 8.173 GC heap before
{Heap before GC invocations=10 (full 0):
 garbage-first heap   total 55296K, used 46194K [0x0000000081e00000, 0x0000000100000000)
  region size 1024K, 27 young (27648K), 3 survivors (3072K)
 Metaspace       used 41851K, committed 42432K, reserved 1114112K
  class space    used 5992K, committed 6272K, reserved 1048576K
}
Event: 8.181 GC heap after
{Heap after GC invocations=11 (full 0):
 garbage-first heap   total 55296K, used 24792K [0x0000000081e00000, 0x0000000100000000)
  region size 1024K, 3 young (3072K), 3 survivors (3072K)
 Metaspace       used 41851K, committed 42432K, reserved 1114112K
  class space    used 5992K, committed 6272K, reserved 1048576K
}
Event: 9.177 GC heap before
{Heap before GC invocations=11 (full 0):
 garbage-first heap   total 55296K, used 46296K [0x0000000081e00000, 0x0000000100000000)
  region size 1024K, 25 young (25600K), 3 survivors (3072K)
 Metaspace       used 46669K, committed 47232K, reserved 1114112K
  class space    used 6642K, committed 6912K, reserved 1048576K
}
Event: 9.183 GC heap after
{Heap after GC invocations=12 (full 0):
 garbage-first heap   total 55296K, used 25942K [0x0000000081e00000, 0x0000000100000000)
  region size 1024K, 4 young (4096K), 4 survivors (4096K)
 Metaspace       used 46669K, committed 47232K, reserved 1114112K
  class space    used 6642K, committed 6912K, reserved 1048576K
}
Event: 10.316 GC heap before
{Heap before GC invocations=12 (full 0):
 garbage-first heap   total 55296K, used 45398K [0x0000000081e00000, 0x0000000100000000)
  region size 1024K, 24 young (24576K), 4 survivors (4096K)
 Metaspace       used 52698K, committed 53312K, reserved 1114112K
  class space    used 7631K, committed 7936K, reserved 1048576K
}
Event: 10.323 GC heap after
{Heap after GC invocations=13 (full 0):
 garbage-first heap   total 55296K, used 26720K [0x0000000081e00000, 0x0000000100000000)
  region size 1024K, 3 young (3072K), 3 survivors (3072K)
 Metaspace       used 52698K, committed 53312K, reserved 1114112K
  class space    used 7631K, committed 7936K, reserved 1048576K
}
Event: 11.579 GC heap before
{Heap before GC invocations=13 (full 0):
 garbage-first heap   total 55296K, used 47200K [0x0000000081e00000, 0x0000000100000000)
  region size 1024K, 23 young (23552K), 3 survivors (3072K)
 Metaspace       used 57104K, committed 57728K, reserved 1114112K
  class space    used 8248K, committed 8512K, reserved 1048576K
}
Event: 11.585 GC heap after
{Heap after GC invocations=14 (full 0):
 garbage-first heap   total 55296K, used 28337K [0x0000000081e00000, 0x0000000100000000)
  region size 1024K, 3 young (3072K), 3 survivors (3072K)
 Metaspace       used 57104K, committed 57728K, reserved 1114112K
  class space    used 8248K, committed 8512K, reserved 1048576K
}
Event: 13.122 GC heap before
{Heap before GC invocations=14 (full 0):
 garbage-first heap   total 55296K, used 46769K [0x0000000081e00000, 0x0000000100000000)
  region size 1024K, 21 young (21504K), 3 survivors (3072K)
 Metaspace       used 59355K, committed 60032K, reserved 1114112K
  class space    used 8602K, committed 8896K, reserved 1048576K
}
Event: 13.131 GC heap after
{Heap after GC invocations=15 (full 0):
 garbage-first heap   total 55296K, used 30165K [0x0000000081e00000, 0x0000000100000000)
  region size 1024K, 3 young (3072K), 3 survivors (3072K)
 Metaspace       used 59355K, committed 60032K, reserved 1114112K
  class space    used 8602K, committed 8896K, reserved 1048576K
}
Event: 14.225 GC heap before
{Heap before GC invocations=16 (full 0):
 garbage-first heap   total 55296K, used 47573K [0x0000000081e00000, 0x0000000100000000)
  region size 1024K, 20 young (20480K), 3 survivors (3072K)
 Metaspace       used 60874K, committed 61568K, reserved 1114112K
  class space    used 8919K, committed 9216K, reserved 1048576K
}
Event: 14.236 GC heap after
{Heap after GC invocations=17 (full 0):
 garbage-first heap   total 55296K, used 31974K [0x0000000081e00000, 0x0000000100000000)
  region size 1024K, 2 young (2048K), 2 survivors (2048K)
 Metaspace       used 60874K, committed 61568K, reserved 1114112K
  class space    used 8919K, committed 9216K, reserved 1048576K
}

